[2026-05-02 01:19:55] [DEBUG] Storage: SSD=1
[2026-05-02 01:20:01] [DEBUG] Storage: SSD=1
[2026-05-02 01:20:08] [DEBUG] Storage: SSD=1
[2026-05-02 01:20:30] [DEBUG] Storage: SSD=1
[2026-05-02 01:20:46] [DEBUG] Storage: SSD=1
[2026-05-02 01:20:55] [DEBUG] Storage: SSD=1
[2026-05-02 01:20:59] [DEBUG] Storage: SSD=1
[2026-05-02 01:21:09] [DEBUG] Storage: SSD=1
[2026-05-02 01:21:12] [DEBUG] Storage: SSD=1
[2026-05-02 01:21:16] [DEBUG] Storage: SSD=1
[2026-05-02 01:21:21] [DEBUG] Storage: SSD=1
[2026-05-02 01:21:38] [DEBUG] Storage: SSD=1
[2026-05-02 01:21:38] [DEBUG] System: ubuntu 24.04, 3499MB RAM, 2 cores, Kernel 6.8.0-100-generic
[2026-05-02 01:31:56] [DEBUG] Storage: SSD=1
[2026-05-02 01:31:56] [DEBUG] System: ubuntu 24.04, 3499MB RAM, 2 cores, Kernel 6.8.0-100-generic, Virt: kvm
[2026-05-02 01:32:24] [DEBUG] Storage: SSD=1
[2026-05-02 01:32:24] [DEBUG] System: ubuntu 24.04, 3499MB RAM, 2 cores, Kernel 6.8.0-100-generic, Virt: kvm
[2026-05-02 01:32:46] [DEBUG] Storage: SSD=1
[2026-05-02 01:32:46] [DEBUG] System: ubuntu 24.04, 3499MB RAM, 2 cores, Kernel 6.8.0-100-generic, Virt: kvm
[2026-05-02 01:32:50] [DEBUG] Storage: SSD=1
[2026-05-02 01:32:50] [DEBUG] System: ubuntu 24.04, 3499MB RAM, 2 cores, Kernel 6.8.0-100-generic, Virt: kvm
[2026-05-02 01:33:29] [DEBUG] Storage: SSD=1
[2026-05-02 01:33:29] [DEBUG] System: ubuntu 24.04, 3499MB RAM, 2 cores, Kernel 6.8.0-100-generic, Virt: kvm
[2026-05-02 01:33:32] [DEBUG] Storage: SSD=1
[2026-05-02 01:33:32] [DEBUG] System: ubuntu 24.04, 3499MB RAM, 2 cores, Kernel 6.8.0-100-generic, Virt: kvm
[2026-05-02 01:39:06] [INFO] Detecting system specifications...
[2026-05-02 01:39:06] [DEBUG] Storage: SSD=1
[2026-05-02 01:39:06] [DEBUG] System: ubuntu 24.04, 3499MB RAM, 2 cores, Kernel 6.8.0-100-generic, Virt: kvm
[2026-05-02 01:39:06] [INFO] Creating safety backup...
[2026-05-02 01:39:07] [DEBUG] Backup created: /root/.openclaw/workspace/ramup/backups/pre-install
[2026-05-02 01:39:07] [INFO] Configuring ZRAM engine...
[2026-05-02 01:39:07] [INFO] Setting up ZRAM engine...
[2026-05-02 01:39:07] [INFO] ZRAM config: 2624MB, algorithm: lzo
[2026-05-02 01:39:07] [INFO] ZRAM engine active: 2624MB (lzo) ✅
[2026-05-02 01:39:07] [INFO] Setting up smart swap...
[2026-05-02 01:39:07] [INFO] Setting up smart swap...
[2026-05-02 01:39:07] [INFO] Removing ramup swap...
[2026-05-02 01:39:07] [DEBUG] Swap removed
[2026-05-02 01:39:07] [DEBUG] SSD detected — optimized swap for SSD lifespan
[2026-05-02 01:39:07] [INFO] Creating 3499MB swap file...
[2026-05-02 01:39:07] [INFO] Smart swap active: 3499MB ✅
[2026-05-02 01:39:07] [INFO] Optimizing kernel parameters...
[2026-05-02 01:39:07] [INFO] Optimizing kernel memory parameters...
[2026-05-02 01:39:07] [DEBUG] Sysctl values backed up
[2026-05-02 01:39:07] [INFO] Kernel optimization applied ✅
[2026-05-02 01:39:07] [INFO] Optimizing system services...
[2026-05-02 01:39:07] [INFO] Cleaning up memory...
[2026-05-02 01:39:07] [DEBUG] Dropping filesystem caches...
[2026-05-02 01:39:07] [DEBUG] Caches dropped
[2026-05-02 01:39:10] [DEBUG] Stopped unnecessary service: snapd
[2026-05-02 01:39:10] [DEBUG] Stopped unnecessary service: ModemManager
[2026-05-02 01:39:11] [DEBUG] Stopped unnecessary service: udisks2
[2026-05-02 01:39:11] [DEBUG] Stopped unnecessary service: avahi-daemon
[2026-05-02 01:39:11] [DEBUG] Limited journald to 50MB
[2026-05-02 01:39:11] [INFO] Freed 806MB of memory ✅
[2026-05-02 01:39:11] [INFO] Enabling intelligent auto-adjust...
[2026-05-02 01:39:11] [INFO] Setting up auto-adjust daemon...
[2026-05-02 01:39:12] [INFO] Auto-adjust daemon active ✅
[2026-05-02 01:39:18] [DEBUG] Storage: SSD=1
[2026-05-02 01:39:18] [DEBUG] System: ubuntu 24.04, 3499MB RAM, 2 cores, Kernel 6.8.0-100-generic, Virt: kvm
[2026-05-02 01:39:26] [DEBUG] Storage: SSD=1
[2026-05-02 01:39:26] [DEBUG] System: ubuntu 24.04, 3499MB RAM, 2 cores, Kernel 6.8.0-100-generic, Virt: kvm
[2026-05-02 01:39:33] [DEBUG] Storage: SSD=1
[2026-05-02 01:39:33] [DEBUG] System: ubuntu 24.04, 3499MB RAM, 2 cores, Kernel 6.8.0-100-generic, Virt: kvm
[2026-05-02 01:39:33] [DEBUG] Storage: SSD=1
[2026-05-02 01:39:33] [DEBUG] System: ubuntu 24.04, 3499MB RAM, 2 cores, Kernel 6.8.0-100-generic, Virt: kvm
[2026-05-02 01:39:54] [INFO] Boosting memory...
[2026-05-02 01:39:55] [OK] Boost applied ✅
[2026-05-02 01:39:55] [DEBUG] Storage: SSD=1
[2026-05-02 01:39:55] [DEBUG] System: ubuntu 24.04, 3499MB RAM, 2 cores, Kernel 6.8.0-100-generic, Virt: kvm
[2026-05-02 01:40:40] [INFO] Auto-tuning for current workload...
[2026-05-02 01:40:40] [DEBUG] Storage: SSD=1
[2026-05-02 01:40:40] [DEBUG] System: ubuntu 24.04, 3499MB RAM, 2 cores, Kernel 6.8.0-100-generic, Virt: kvm
[2026-05-02 01:40:40] [DEBUG] Storage: SSD=1
[2026-05-02 01:40:40] [DEBUG] System: ubuntu 24.04, 3499MB RAM, 2 cores, Kernel 6.8.0-100-generic, Virt: kvm
[2026-05-02 01:40:40] [INFO] Detected workload: general
[2026-05-02 01:40:40] [INFO] Tuned for: General workload
[2026-05-02 01:40:40] [OK] Tuning complete ✅
[2026-05-02 01:40:40] [INFO] Auto-fixing memory issues...
[2026-05-02 01:40:52] [INFO] Auto-fixing memory issues...
[2026-05-02 01:40:52] [OK] Fix complete ✅
[2026-05-02 01:41:05] [INFO] Running deep memory optimization...
[2026-05-02 01:41:05] [INFO] Cleaning up memory...
[2026-05-02 01:41:05] [DEBUG] Dropping filesystem caches...
[2026-05-02 01:41:05] [DEBUG] Caches dropped
[2026-05-02 01:41:05] [DEBUG] System already clean
[2026-05-02 01:41:05] [OK] Optimization complete ✅
[2026-05-02 01:41:17] [INFO] Running deep memory optimization...
[2026-05-02 01:41:17] [INFO] Cleaning up memory...
[2026-05-02 01:41:17] [DEBUG] Dropping filesystem caches...
[2026-05-02 01:41:17] [DEBUG] Caches dropped
[2026-05-02 01:41:17] [INFO] Freed 3MB of memory ✅
[2026-05-02 01:41:17] [DEBUG] tmpfs /tmp using 11482MB — consider cleaning
[2026-05-02 01:41:17] [OK] Optimization complete ✅
[2026-05-02 01:42:00] [DEBUG] Storage: SSD=1
[2026-05-02 01:42:00] [DEBUG] System: ubuntu 24.04, 3499MB RAM, 2 cores, Kernel 6.8.0-100-generic, Virt: kvm
[2026-05-02 01:42:07] [INFO] Disabling ramup...
[2026-05-02 01:42:07] [INFO] Disabling ZRAM...
[2026-05-02 01:42:07] [INFO] ZRAM disabled
[2026-05-02 01:42:07] [INFO] Removing ramup swap...
[2026-05-02 01:42:07] [DEBUG] Swap removed
[2026-05-02 01:42:07] [INFO] Restoring kernel defaults...
[2026-05-02 01:42:07] [INFO] Kernel parameters restored from backup
[2026-05-02 01:42:07] [INFO] ramup disabled. Memory restored to defaults.
[2026-05-02 01:42:07] [DEBUG] Storage: SSD=1
[2026-05-02 01:42:07] [DEBUG] System: ubuntu 24.04, 3499MB RAM, 2 cores, Kernel 6.8.0-100-generic, Virt: kvm
[2026-05-02 01:42:11] [INFO] Enabling ramup...
[2026-05-02 01:42:11] [INFO] Setting up ZRAM engine...
[2026-05-02 01:42:11] [INFO] ZRAM config: 256MB, algorithm: lzo
[2026-05-02 01:42:11] [INFO] ZRAM engine active: 256MB (lzo) ✅
[2026-05-02 01:42:11] [INFO] Setting up smart swap...
[2026-05-02 01:42:11] [INFO] Removing ramup swap...
[2026-05-02 01:42:11] [DEBUG] Swap removed
[2026-05-02 01:42:11] [INFO] Creating 256MB swap file...
[2026-05-02 01:42:11] [INFO] Smart swap active: 256MB ✅
[2026-05-02 01:42:11] [INFO] Optimizing kernel memory parameters...
[2026-05-02 01:42:11] [DEBUG] Sysctl values backed up
[2026-05-02 01:42:11] [INFO] Kernel optimization applied ✅
[2026-05-02 01:42:11] [OK] ramup enabled ✅
[2026-05-02 01:42:11] [DEBUG] Storage: SSD=1
[2026-05-02 01:42:11] [DEBUG] System: ubuntu 24.04, 3499MB RAM, 2 cores, Kernel 6.8.0-100-generic, Virt: kvm
[2026-05-02 01:42:16] [DEBUG] Backup created: /root/.openclaw/workspace/ramup/backups/manual
[2026-05-02 01:42:16] [OK] Backup created ✅
[2026-05-02 01:42:16] [ERROR] Docker not found
[2026-05-02 01:42:21] [WARN] Uninstalling ramup...
[2026-05-02 01:42:21] [INFO] Stopping auto-adjust daemon...
[2026-05-02 01:42:21] [INFO] Auto-adjust daemon stopped
[2026-05-02 01:42:21] [INFO] Disabling ZRAM...
[2026-05-02 01:42:21] [INFO] ZRAM disabled
[2026-05-02 01:42:21] [INFO] Removing ramup swap...
[2026-05-02 01:42:21] [DEBUG] Swap removed
[2026-05-02 01:42:21] [INFO] Restoring kernel defaults...
[2026-05-02 01:42:21] [INFO] Kernel parameters restored from backup
[2026-05-02 01:42:21] [INFO] Restoring from backup...
[2026-05-02 01:42:21] [INFO] Restoring from backup: latest
[2026-05-02 01:42:21] [DEBUG] fstab restored
[2026-05-02 01:42:21] [INFO] Backup restored
[2026-05-02 01:42:21] [INFO] ramup uninstalled. System restored to defaults.
[2026-05-02 01:42:21] [DEBUG] Storage: SSD=1
[2026-05-02 01:42:21] [DEBUG] System: ubuntu 24.04, 3499MB RAM, 2 cores, Kernel 6.8.0-100-generic, Virt: kvm
[2026-05-02 01:42:26] [INFO] Detecting system specifications...
[2026-05-02 01:42:26] [DEBUG] Storage: SSD=1
[2026-05-02 01:42:26] [DEBUG] System: ubuntu 24.04, 3499MB RAM, 2 cores, Kernel 6.8.0-100-generic, Virt: kvm
[2026-05-02 01:42:26] [INFO] Creating safety backup...
[2026-05-02 01:42:26] [DEBUG] Backup created: /root/.openclaw/workspace/ramup/backups/pre-install
[2026-05-02 01:42:26] [INFO] Configuring ZRAM engine...
[2026-05-02 01:42:26] [INFO] Setting up ZRAM engine...
[2026-05-02 01:42:26] [INFO] ZRAM config: 2624MB, algorithm: lzo
[2026-05-02 01:42:26] [INFO] ZRAM engine active: 2624MB (lzo) ✅
[2026-05-02 01:42:26] [INFO] Setting up smart swap...
[2026-05-02 01:42:26] [INFO] Setting up smart swap...
[2026-05-02 01:42:26] [INFO] Removing ramup swap...
[2026-05-02 01:42:26] [DEBUG] Swap removed
[2026-05-02 01:42:26] [DEBUG] SSD detected — optimized swap for SSD lifespan
[2026-05-02 01:42:26] [INFO] Creating 3499MB swap file...
[2026-05-02 01:42:26] [INFO] Smart swap active: 3499MB ✅
[2026-05-02 01:42:26] [INFO] Optimizing kernel parameters...
[2026-05-02 01:42:26] [INFO] Optimizing kernel memory parameters...
[2026-05-02 01:42:27] [DEBUG] Sysctl values backed up
[2026-05-02 01:42:27] [INFO] Kernel optimization applied ✅
[2026-05-02 01:42:27] [INFO] Optimizing system services...
[2026-05-02 01:42:27] [INFO] Cleaning up memory...
[2026-05-02 01:42:27] [DEBUG] Dropping filesystem caches...
[2026-05-02 01:42:27] [DEBUG] Caches dropped
[2026-05-02 01:42:27] [INFO] Freed 30MB of memory ✅
[2026-05-02 01:42:27] [INFO] Enabling intelligent auto-adjust...
[2026-05-02 01:42:27] [INFO] Setting up auto-adjust daemon...
[2026-05-02 01:42:27] [INFO] Auto-adjust daemon active ✅
